<?xml version="1.0" encoding="UTF-8"?>
<testsuite name="konkuk.spring.ApplicationTests" tests="1" skipped="0" failures="0" errors="0" timestamp="2024-02-19T08:11:15" hostname="LAPTOP-E07IQGAQ" time="0.893">
  <properties/>
  <testcase name="contextLoads()" classname="konkuk.spring.ApplicationTests" time="0.893"/>
  <system-out><![CDATA[17:11:13.365 [Test worker] INFO org.springframework.test.context.support.AnnotationConfigContextLoaderUtils -- Could not detect default configuration classes for test class [konkuk.spring.ApplicationTests]: ApplicationTests does not declare any static, non-private, non-final, nested classes annotated with @Configuration.
17:11:13.469 [Test worker] INFO org.springframework.boot.test.context.SpringBootTestContextBootstrapper -- Found @SpringBootConfiguration konkuk.spring.Application for test class konkuk.spring.ApplicationTests

  .   ____          _            __ _ _
 /\\ / ___'_ __ _ _(_)_ __  __ _ \ \ \ \
( ( )\___ | '_ | '_| | '_ \/ _` | \ \ \ \
 \\/  ___)| |_)| | | | | || (_| |  ) ) ) )
  '  |____| .__|_| |_|_| |_\__, | / / / /
 =========|_|==============|___/=/_/_/_/
 :: Spring Boot ::                (v3.2.2)

2024-02-19T17:11:14.008+09:00  INFO 6472 --- [    Test worker] konkuk.spring.ApplicationTests           : Starting ApplicationTests using Java 21.0.1 with PID 6472 (started by cnhhw in C:\Users\cnhhw\Desktop\spring)
2024-02-19T17:11:14.008+09:00  INFO 6472 --- [    Test worker] konkuk.spring.ApplicationTests           : No active profile set, falling back to 1 default profile: "default"
2024-02-19T17:11:15.335+09:00  INFO 6472 --- [    Test worker] konkuk.spring.ApplicationTests           : Started ApplicationTests in 1.642 seconds (process running for 3.061)
]]></system-out>
  <system-err><![CDATA[WARNING: A Java agent has been loaded dynamically (C:\Users\cnhhw\.gradle\caches\modules-2\files-2.1\net.bytebuddy\byte-buddy-agent\1.14.11\f9cb566608fbac6bc7bf54901a7aa11543a989ee\byte-buddy-agent-1.14.11.jar)
WARNING: If a serviceability tool is in use, please run with -XX:+EnableDynamicAgentLoading to hide this warning
WARNING: If a serviceability tool is not in use, please run with -Djdk.instrument.traceUsage for more information
WARNING: Dynamic loading of agents will be disallowed by default in a future release
]]></system-err>
</testsuite>
